# JRE version: OpenJDK Runtime Environment Temurin-21.0.6+7 (21.0.6+7) (build 21.0.6+7-LTS)
# Java VM: OpenJDK 64-Bit Server VM Temurin-21.0.6+7 (21.0.6+7-LTS, mixed mode, sharing, tiered, compressed oops, compressed class ptrs, parallel gc, windows-amd64)
GC Precious Log:
 CardTable entry size: 512
 CPUs: 8 total, 8 available
 Memory: 7926M
 Large Page Support: Disabled
 NUMA Support: Disabled
 Compressed Oops: Enabled (32-bit)
 Alignments: Space 512K, Generation 512K, Heap 2M
 Heap Min Capacity: 100M
 Heap Initial Capacity: 100M
 Heap Max Capacity: 1G
 Pre-touch: Disabled
 Parallel Workers: 8
Heap:
 PSYoungGen      total 4096K, used 1638K [0x00000000eab00000, 0x00000000eb000000, 0x0000000100000000)
  eden space 3072K, 28% used [0x00000000eab00000,0x00000000eabdc4e8,0x00000000eae00000)
  from space 1024K, 73% used [0x00000000eaf00000,0x00000000eafbd390,0x00000000eb000000)
  to   space 1024K, 0% used [0x00000000eae00000,0x00000000eae00000,0x00000000eaf00000)
 ParOldGen       total 117760K, used 117516K [0x00000000c0000000, 0x00000000c7300000, 0x00000000eab00000)
  object space 117760K, 99% used [0x00000000c0000000,0x00000000c72c32a0,0x00000000c7300000)
 Metaspace       used 65677K, committed 67072K, reserved 1114112K
  class space    used 6697K, committed 7296K, reserved 1048576K
GC Heap History (20 events):
Event: 35.392 GC heap before
{Heap before GC invocations=73 (full 3):
 PSYoungGen      total 5120K, used 4992K [0x00000000eab00000, 0x00000000eb100000, 0x0000000100000000)
  eden space 4096K, 100% used [0x00000000eab00000,0x00000000eaf00000,0x00000000eaf00000)
  from space 1024K, 87% used [0x00000000eaf00000,0x00000000eafe0000,0x00000000eb000000)
  to   space 1024K, 0% used [0x00000000eb000000,0x00000000eb000000,0x00000000eb100000)
 ParOldGen       total 110080K, used 109848K [0x00000000c0000000, 0x00000000c6b80000, 0x00000000eab00000)
  object space 110080K, 99% used [0x00000000c0000000,0x00000000c6b460e0,0x00000000c6b80000)
 Metaspace       used 64693K, committed 66048K, reserved 1114112K
  class space    used 6609K, committed 7232K, reserved 1048576K
}
Event: 35.399 GC heap after
{Heap after GC invocations=73 (full 3):
 PSYoungGen      total 5120K, used 992K [0x00000000eab00000, 0x00000000eb100000, 0x0000000100000000)
  eden space 4096K, 0% used [0x00000000eab00000,0x00000000eab00000,0x00000000eaf00000)
  from space 1024K, 96% used [0x00000000eb000000,0x00000000eb0f8000,0x00000000eb100000)
  to   space 1024K, 0% used [0x00000000eaf00000,0x00000000eaf00000,0x00000000eb000000)
 ParOldGen       total 111104K, used 110619K [0x00000000c0000000, 0x00000000c6c80000, 0x00000000eab00000)
  object space 111104K, 99% used [0x00000000c0000000,0x00000000c6c06d80,0x00000000c6c80000)
 Metaspace       used 64693K, committed 66048K, reserved 1114112K
  class space    used 6609K, committed 7232K, reserved 1048576K
}
Event: 35.533 GC heap before
{Heap before GC invocations=74 (full 3):
 PSYoungGen      total 5120K, used 5088K [0x00000000eab00000, 0x00000000eb100000, 0x0000000100000000)
  eden space 4096K, 100% used [0x00000000eab00000,0x00000000eaf00000,0x00000000eaf00000)
  from space 1024K, 96% used [0x00000000eb000000,0x00000000eb0f8000,0x00000000eb100000)
  to   space 1024K, 0% used [0x00000000eaf00000,0x00000000eaf00000,0x00000000eb000000)
 ParOldGen       total 111104K, used 110619K [0x00000000c0000000, 0x00000000c6c80000, 0x00000000eab00000)
  object space 111104K, 99% used [0x00000000c0000000,0x00000000c6c06d80,0x00000000c6c80000)
 Metaspace       used 64907K, committed 66240K, reserved 1114112K
  class space    used 6623K, committed 7232K, reserved 1048576K
}
Event: 35.537 GC heap after
{Heap after GC invocations=74 (full 3):
 PSYoungGen      total 5120K, used 846K [0x00000000eab00000, 0x00000000eb100000, 0x0000000100000000)
  eden space 4096K, 0% used [0x00000000eab00000,0x00000000eab00000,0x00000000eaf00000)
  from space 1024K, 82% used [0x00000000eaf00000,0x00000000eafd3890,0x00000000eb000000)
  to   space 1024K, 0% used [0x00000000eb000000,0x00000000eb000000,0x00000000eb100000)
 ParOldGen       total 111616K, used 111445K [0x00000000c0000000, 0x00000000c6d00000, 0x00000000eab00000)
  object space 111616K, 99% used [0x00000000c0000000,0x00000000c6cd5550,0x00000000c6d00000)
 Metaspace       used 64907K, committed 66240K, reserved 1114112K
  class space    used 6623K, committed 7232K, reserved 1048576K
}
Event: 35.562 GC heap before
{Heap before GC invocations=75 (full 3):
 PSYoungGen      total 5120K, used 4942K [0x00000000eab00000, 0x00000000eb100000, 0x0000000100000000)
  eden space 4096K, 100% used [0x00000000eab00000,0x00000000eaf00000,0x00000000eaf00000)
  from space 1024K, 82% used [0x00000000eaf00000,0x00000000eafd3890,0x00000000eb000000)
  to   space 1024K, 0% used [0x00000000eb000000,0x00000000eb000000,0x00000000eb100000)
 ParOldGen       total 111616K, used 111445K [0x00000000c0000000, 0x00000000c6d00000, 0x00000000eab00000)
  object space 111616K, 99% used [0x00000000c0000000,0x00000000c6cd5550,0x00000000c6d00000)
 Metaspace       used 65018K, committed 66368K, reserved 1114112K
  class space    used 6633K, committed 7232K, reserved 1048576K
}
Event: 35.567 GC heap after
{Heap after GC invocations=75 (full 3):
 PSYoungGen      total 5120K, used 928K [0x00000000eab00000, 0x00000000eb100000, 0x0000000100000000)
  eden space 4096K, 0% used [0x00000000eab00000,0x00000000eab00000,0x00000000eaf00000)
  from space 1024K, 90% used [0x00000000eb000000,0x00000000eb0e8000,0x00000000eb100000)
  to   space 1024K, 0% used [0x00000000eaf00000,0x00000000eaf00000,0x00000000eb000000)
 ParOldGen       total 112640K, used 112150K [0x00000000c0000000, 0x00000000c6e00000, 0x00000000eab00000)
  object space 112640K, 99% used [0x00000000c0000000,0x00000000c6d85900,0x00000000c6e00000)
 Metaspace       used 65018K, committed 66368K, reserved 1114112K
  class space    used 6633K, committed 7232K, reserved 1048576K
}
Event: 35.599 GC heap before
{Heap before GC invocations=76 (full 3):
 PSYoungGen      total 5120K, used 5024K [0x00000000eab00000, 0x00000000eb100000, 0x0000000100000000)
  eden space 4096K, 100% used [0x00000000eab00000,0x00000000eaf00000,0x00000000eaf00000)
  from space 1024K, 90% used [0x00000000eb000000,0x00000000eb0e8000,0x00000000eb100000)
  to   space 1024K, 0% used [0x00000000eaf00000,0x00000000eaf00000,0x00000000eb000000)
 ParOldGen       total 112640K, used 112150K [0x00000000c0000000, 0x00000000c6e00000, 0x00000000eab00000)
  object space 112640K, 99% used [0x00000000c0000000,0x00000000c6d85900,0x00000000c6e00000)
 Metaspace       used 65129K, committed 66496K, reserved 1114112K
  class space    used 6648K, committed 7232K, reserved 1048576K
}
Event: 35.602 GC heap after
{Heap after GC invocations=76 (full 3):
 PSYoungGen      total 5120K, used 928K [0x00000000eab00000, 0x00000000eb100000, 0x0000000100000000)
  eden space 4096K, 0% used [0x00000000eab00000,0x00000000eab00000,0x00000000eaf00000)
  from space 1024K, 90% used [0x00000000eaf00000,0x00000000eafe8000,0x00000000eb000000)
  to   space 1024K, 0% used [0x00000000eb000000,0x00000000eb000000,0x00000000eb100000)
 ParOldGen       total 113152K, used 112963K [0x00000000c0000000, 0x00000000c6e80000, 0x00000000eab00000)
  object space 113152K, 99% used [0x00000000c0000000,0x00000000c6e50fa8,0x00000000c6e80000)
 Metaspace       used 65129K, committed 66496K, reserved 1114112K
  class space    used 6648K, committed 7232K, reserved 1048576K
}
Event: 35.651 GC heap before
{Heap before GC invocations=77 (full 3):
 PSYoungGen      total 5120K, used 5024K [0x00000000eab00000, 0x00000000eb100000, 0x0000000100000000)
  eden space 4096K, 100% used [0x00000000eab00000,0x00000000eaf00000,0x00000000eaf00000)
  from space 1024K, 90% used [0x00000000eaf00000,0x00000000eafe8000,0x00000000eb000000)
  to   space 1024K, 0% used [0x00000000eb000000,0x00000000eb000000,0x00000000eb100000)
 ParOldGen       total 113152K, used 112963K [0x00000000c0000000, 0x00000000c6e80000, 0x00000000eab00000)
  object space 113152K, 99% used [0x00000000c0000000,0x00000000c6e50fa8,0x00000000c6e80000)
 Metaspace       used 65215K, committed 66624K, reserved 1114112K
  class space    used 6661K, committed 7296K, reserved 1048576K
}
Event: 35.654 GC heap after
{Heap after GC invocations=77 (full 3):
 PSYoungGen      total 4096K, used 1011K [0x00000000eab00000, 0x00000000eb300000, 0x0000000100000000)
  eden space 3072K, 0% used [0x00000000eab00000,0x00000000eab00000,0x00000000eae00000)
  from space 1024K, 98% used [0x00000000eb000000,0x00000000eb0fcfa8,0x00000000eb100000)
  to   space 2048K, 0% used [0x00000000eae00000,0x00000000eae00000,0x00000000eb000000)
 ParOldGen       total 114176K, used 113836K [0x00000000c0000000, 0x00000000c6f80000, 0x00000000eab00000)
  object space 114176K, 99% used [0x00000000c0000000,0x00000000c6f2b278,0x00000000c6f80000)
 Metaspace       used 65215K, committed 66624K, reserved 1114112K
  class space    used 6661K, committed 7296K, reserved 1048576K
}
Event: 35.670 GC heap before
{Heap before GC invocations=78 (full 3):
 PSYoungGen      total 4096K, used 4083K [0x00000000eab00000, 0x00000000eb300000, 0x0000000100000000)
  eden space 3072K, 100% used [0x00000000eab00000,0x00000000eae00000,0x00000000eae00000)
  from space 1024K, 98% used [0x00000000eb000000,0x00000000eb0fcfa8,0x00000000eb100000)
  to   space 2048K, 0% used [0x00000000eae00000,0x00000000eae00000,0x00000000eb000000)
 ParOldGen       total 114176K, used 113836K [0x00000000c0000000, 0x00000000c6f80000, 0x00000000eab00000)
  object space 114176K, 99% used [0x00000000c0000000,0x00000000c6f2b278,0x00000000c6f80000)
 Metaspace       used 65333K, committed 66688K, reserved 1114112K
  class space    used 6674K, committed 7296K, reserved 1048576K
}
Event: 35.673 GC heap after
{Heap after GC invocations=78 (full 3):
 PSYoungGen      total 4096K, used 631K [0x00000000eab00000, 0x00000000eb100000, 0x0000000100000000)
  eden space 3072K, 0% used [0x00000000eab00000,0x00000000eab00000,0x00000000eae00000)
  from space 1024K, 61% used [0x00000000eae00000,0x00000000eae9ddd0,0x00000000eaf00000)
  to   space 1536K, 0% used [0x00000000eaf80000,0x00000000eaf80000,0x00000000eb100000)
 ParOldGen       total 115200K, used 114851K [0x00000000c0000000, 0x00000000c7080000, 0x00000000eab00000)
  object space 115200K, 99% used [0x00000000c0000000,0x00000000c7028c20,0x00000000c7080000)
 Metaspace       used 65333K, committed 66688K, reserved 1114112K
  class space    used 6674K, committed 7296K, reserved 1048576K
}
Event: 35.761 GC heap before
{Heap before GC invocations=79 (full 3):
 PSYoungGen      total 4096K, used 3703K [0x00000000eab00000, 0x00000000eb100000, 0x0000000100000000)
  eden space 3072K, 100% used [0x00000000eab00000,0x00000000eae00000,0x00000000eae00000)
  from space 1024K, 61% used [0x00000000eae00000,0x00000000eae9ddd0,0x00000000eaf00000)
  to   space 1536K, 0% used [0x00000000eaf80000,0x00000000eaf80000,0x00000000eb100000)
 ParOldGen       total 115200K, used 114851K [0x00000000c0000000, 0x00000000c7080000, 0x00000000eab00000)
  object space 115200K, 99% used [0x00000000c0000000,0x00000000c7028c20,0x00000000c7080000)
 Metaspace       used 65513K, committed 66880K, reserved 1114112K
  class space    used 6693K, committed 7296K, reserved 1048576K
}
Event: 35.765 GC heap after
{Heap after GC invocations=79 (full 3):
 PSYoungGen      total 4096K, used 694K [0x00000000eab00000, 0x00000000eb080000, 0x0000000100000000)
  eden space 3072K, 0% used [0x00000000eab00000,0x00000000eab00000,0x00000000eae00000)
  from space 1024K, 67% used [0x00000000eaf80000,0x00000000eb02db48,0x00000000eb080000)
  to   space 1024K, 0% used [0x00000000eae00000,0x00000000eae00000,0x00000000eaf00000)
 ParOldGen       total 115712K, used 115375K [0x00000000c0000000, 0x00000000c7100000, 0x00000000eab00000)
  object space 115712K, 99% used [0x00000000c0000000,0x00000000c70abc68,0x00000000c7100000)
 Metaspace       used 65513K, committed 66880K, reserved 1114112K
  class space    used 6693K, committed 7296K, reserved 1048576K
}
Event: 35.887 GC heap before
{Heap before GC invocations=80 (full 3):
 PSYoungGen      total 4096K, used 3766K [0x00000000eab00000, 0x00000000eb080000, 0x0000000100000000)
  eden space 3072K, 99% used [0x00000000eab00000,0x00000000eadffff0,0x00000000eae00000)
  from space 1024K, 67% used [0x00000000eaf80000,0x00000000eb02db48,0x00000000eb080000)
  to   space 1024K, 0% used [0x00000000eae00000,0x00000000eae00000,0x00000000eaf00000)
 ParOldGen       total 115712K, used 115375K [0x00000000c0000000, 0x00000000c7100000, 0x00000000eab00000)
  object space 115712K, 99% used [0x00000000c0000000,0x00000000c70abc68,0x00000000c7100000)
 Metaspace       used 65567K, committed 67008K, reserved 1114112K
  class space    used 6694K, committed 7296K, reserved 1048576K
}
Event: 35.890 GC heap after
{Heap after GC invocations=80 (full 3):
 PSYoungGen      total 4096K, used 704K [0x00000000eab00000, 0x00000000eb000000, 0x0000000100000000)
  eden space 3072K, 0% used [0x00000000eab00000,0x00000000eab00000,0x00000000eae00000)
  from space 1024K, 68% used [0x00000000eae00000,0x00000000eaeb0000,0x00000000eaf00000)
  to   space 1024K, 0% used [0x00000000eaf00000,0x00000000eaf00000,0x00000000eb000000)
 ParOldGen       total 116224K, used 115905K [0x00000000c0000000, 0x00000000c7180000, 0x00000000eab00000)
  object space 116224K, 99% used [0x00000000c0000000,0x00000000c7130668,0x00000000c7180000)
 Metaspace       used 65567K, committed 67008K, reserved 1114112K
  class space    used 6694K, committed 7296K, reserved 1048576K
}
Event: 36.005 GC heap before
{Heap before GC invocations=81 (full 3):
 PSYoungGen      total 4096K, used 3776K [0x00000000eab00000, 0x00000000eb000000, 0x0000000100000000)
  eden space 3072K, 100% used [0x00000000eab00000,0x00000000eae00000,0x00000000eae00000)
  from space 1024K, 68% used [0x00000000eae00000,0x00000000eaeb0000,0x00000000eaf00000)
  to   space 1024K, 0% used [0x00000000eaf00000,0x00000000eaf00000,0x00000000eb000000)
 ParOldGen       total 116224K, used 115905K [0x00000000c0000000, 0x00000000c7180000, 0x00000000eab00000)
  object space 116224K, 99% used [0x00000000c0000000,0x00000000c7130668,0x00000000c7180000)
 Metaspace       used 65590K, committed 67008K, reserved 1114112K
  class space    used 6695K, committed 7296K, reserved 1048576K
}
Event: 36.008 GC heap after
{Heap after GC invocations=81 (full 3):
 PSYoungGen      total 4096K, used 658K [0x00000000eab00000, 0x00000000eb000000, 0x0000000100000000)
  eden space 3072K, 0% used [0x00000000eab00000,0x00000000eab00000,0x00000000eae00000)
  from space 1024K, 64% used [0x00000000eaf00000,0x00000000eafa4890,0x00000000eb000000)
  to   space 1024K, 0% used [0x00000000eae00000,0x00000000eae00000,0x00000000eaf00000)
 ParOldGen       total 116736K, used 116438K [0x00000000c0000000, 0x00000000c7200000, 0x00000000eab00000)
  object space 116736K, 99% used [0x00000000c0000000,0x00000000c71b5a10,0x00000000c7200000)
 Metaspace       used 65590K, committed 67008K, reserved 1114112K
  class space    used 6695K, committed 7296K, reserved 1048576K
}
Event: 36.128 GC heap before
{Heap before GC invocations=82 (full 3):
 PSYoungGen      total 4096K, used 3730K [0x00000000eab00000, 0x00000000eb000000, 0x0000000100000000)
  eden space 3072K, 100% used [0x00000000eab00000,0x00000000eae00000,0x00000000eae00000)
  from space 1024K, 64% used [0x00000000eaf00000,0x00000000eafa4890,0x00000000eb000000)
  to   space 1024K, 0% used [0x00000000eae00000,0x00000000eae00000,0x00000000eaf00000)
 ParOldGen       total 116736K, used 116438K [0x00000000c0000000, 0x00000000c7200000, 0x00000000eab00000)
  object space 116736K, 99% used [0x00000000c0000000,0x00000000c71b5a10,0x00000000c7200000)
 Metaspace       used 65624K, committed 67008K, reserved 1114112K
  class space    used 6696K, committed 7296K, reserved 1048576K
}
Event: 36.130 GC heap after
{Heap after GC invocations=82 (full 3):
 PSYoungGen      total 4096K, used 704K [0x00000000eab00000, 0x00000000eb000000, 0x0000000100000000)
  eden space 3072K, 0% used [0x00000000eab00000,0x00000000eab00000,0x00000000eae00000)
  from space 1024K, 68% used [0x00000000eae00000,0x00000000eaeb0000,0x00000000eaf00000)
  to   space 1024K, 0% used [0x00000000eaf00000,0x00000000eaf00000,0x00000000eb000000)
 ParOldGen       total 117248K, used 116996K [0x00000000c0000000, 0x00000000c7280000, 0x00000000eab00000)
  object space 117248K, 99% used [0x00000000c0000000,0x00000000c72412a0,0x00000000c7280000)
 Metaspace       used 65624K, committed 67008K, reserved 1114112K
  class space    used 6696K, committed 7296K, reserved 1048576K
}

